<?xml version="1.0" encoding="UTF-8"?>
<testng-results ignored="0" total="1" passed="1" failed="0" skipped="0">
  <reporter-output>
  </reporter-output>
  <suite started-at="2024-11-04T20:16:25 BDT" name="Default suite" finished-at="2024-11-04T20:16:48 BDT" duration-ms="23211">
    <groups>
    </groups>
    <test started-at="2024-11-04T20:16:25 BDT" name="Default test" finished-at="2024-11-04T20:16:48 BDT" duration-ms="23211">
      <class name="Amazon2factorAuth.GenerateEmail">
        <test-method signature="verifyConfirmationEmail()[pri:0, instance:Amazon2factorAuth.GenerateEmail@32910148]" started-at="2024-11-04T20:16:25 BDT" name="verifyConfirmationEmail" finished-at="2024-11-04T20:16:48 BDT" duration-ms="23175" status="PASS">
          <reporter-output>
          </reporter-output>
        </test-method> <!-- verifyConfirmationEmail -->
      </class> <!-- Amazon2factorAuth.GenerateEmail -->
    </test> <!-- Default test -->
  </suite> <!-- Default suite -->
</testng-results>
